Started GET "/" for 127.0.0.1 at 2019-06-19 17:08:22 +0200
  
ActiveRecord::NoDatabaseError (FATAL:  database "todolist-app_development" does not exist
):
  
activerecord (5.2.1) lib/active_record/connection_adapters/postgresql_adapter.rb:688:in `rescue in connect'
activerecord (5.2.1) lib/active_record/connection_adapters/postgresql_adapter.rb:683:in `connect'
activerecord (5.2.1) lib/active_record/connection_adapters/postgresql_adapter.rb:215:in `initialize'
activerecord (5.2.1) lib/active_record/connection_adapters/postgresql_adapter.rb:40:in `new'
activerecord (5.2.1) lib/active_record/connection_adapters/postgresql_adapter.rb:40:in `postgresql_connection'
activerecord (5.2.1) lib/active_record/connection_adapters/abstract/connection_pool.rb:809:in `new_connection'
activerecord (5.2.1) lib/active_record/connection_adapters/abstract/connection_pool.rb:853:in `checkout_new_connection'
activerecord (5.2.1) lib/active_record/connection_adapters/abstract/connection_pool.rb:832:in `try_to_checkout_new_connection'
activerecord (5.2.1) lib/active_record/connection_adapters/abstract/connection_pool.rb:793:in `acquire_connection'
activerecord (5.2.1) lib/active_record/connection_adapters/abstract/connection_pool.rb:521:in `checkout'
activerecord (5.2.1) lib/active_record/connection_adapters/abstract/connection_pool.rb:380:in `connection'
activerecord (5.2.1) lib/active_record/connection_adapters/abstract/connection_pool.rb:1008:in `retrieve_connection'
activerecord (5.2.1) lib/active_record/connection_handling.rb:118:in `retrieve_connection'
activerecord (5.2.1) lib/active_record/connection_handling.rb:90:in `connection'
activerecord (5.2.1) lib/active_record/migration.rb:554:in `call'
actionpack (5.2.1) lib/action_dispatch/middleware/callbacks.rb:28:in `block in call'
activesupport (5.2.1) lib/active_support/callbacks.rb:98:in `run_callbacks'
actionpack (5.2.1) lib/action_dispatch/middleware/callbacks.rb:26:in `call'
actionpack (5.2.1) lib/action_dispatch/middleware/executor.rb:14:in `call'
actionpack (5.2.1) lib/action_dispatch/middleware/debug_exceptions.rb:61:in `call'
web-console (3.7.0) lib/web_console/middleware.rb:135:in `call_app'
web-console (3.7.0) lib/web_console/middleware.rb:30:in `block in call'
web-console (3.7.0) lib/web_console/middleware.rb:20:in `catch'
web-console (3.7.0) lib/web_console/middleware.rb:20:in `call'
actionpack (5.2.1) lib/action_dispatch/middleware/show_exceptions.rb:33:in `call'
railties (5.2.1) lib/rails/rack/logger.rb:38:in `call_app'
railties (5.2.1) lib/rails/rack/logger.rb:26:in `block in call'
activesupport (5.2.1) lib/active_support/tagged_logging.rb:71:in `block in tagged'
activesupport (5.2.1) lib/active_support/tagged_logging.rb:28:in `tagged'
activesupport (5.2.1) lib/active_support/tagged_logging.rb:71:in `tagged'
railties (5.2.1) lib/rails/rack/logger.rb:26:in `call'
sprockets-rails (3.2.1) lib/sprockets/rails/quiet_assets.rb:13:in `call'
actionpack (5.2.1) lib/action_dispatch/middleware/remote_ip.rb:81:in `call'
actionpack (5.2.1) lib/action_dispatch/middleware/request_id.rb:27:in `call'
rack (2.0.6) lib/rack/method_override.rb:22:in `call'
rack (2.0.6) lib/rack/runtime.rb:22:in `call'
activesupport (5.2.1) lib/active_support/cache/strategy/local_cache_middleware.rb:29:in `call'
actionpack (5.2.1) lib/action_dispatch/middleware/executor.rb:14:in `call'
actionpack (5.2.1) lib/action_dispatch/middleware/static.rb:127:in `call'
rack (2.0.6) lib/rack/sendfile.rb:111:in `call'
railties (5.2.1) lib/rails/engine.rb:524:in `call'
puma (3.12.0) lib/puma/configuration.rb:225:in `call'
puma (3.12.0) lib/puma/server.rb:658:in `handle_request'
puma (3.12.0) lib/puma/server.rb:472:in `process_client'
puma (3.12.0) lib/puma/server.rb:332:in `block in run'
puma (3.12.0) lib/puma/thread_pool.rb:133:in `block in spawn_thread'
  [1m[35m (5013.7ms)[0m  [1m[35mCREATE DATABASE "todolist-app_development" ENCODING = 'unicode'[0m
  ↳ bin/rails:9
  [1m[35m (909.5ms)[0m  [1m[35mCREATE DATABASE "todolist-app_test" ENCODING = 'unicode'[0m
  ↳ bin/rails:9
Started GET "/" for 127.0.0.1 at 2019-06-19 17:09:11 +0200
  
ActiveRecord::PendingMigrationError (

Migrations are pending. To resolve this issue, run:

        bin/rails db:migrate RAILS_ENV=development

):
  
activerecord (5.2.1) lib/active_record/migration.rb:579:in `check_pending!'
activerecord (5.2.1) lib/active_record/migration.rb:556:in `call'
actionpack (5.2.1) lib/action_dispatch/middleware/callbacks.rb:28:in `block in call'
activesupport (5.2.1) lib/active_support/callbacks.rb:98:in `run_callbacks'
actionpack (5.2.1) lib/action_dispatch/middleware/callbacks.rb:26:in `call'
actionpack (5.2.1) lib/action_dispatch/middleware/executor.rb:14:in `call'
actionpack (5.2.1) lib/action_dispatch/middleware/debug_exceptions.rb:61:in `call'
web-console (3.7.0) lib/web_console/middleware.rb:135:in `call_app'
web-console (3.7.0) lib/web_console/middleware.rb:30:in `block in call'
web-console (3.7.0) lib/web_console/middleware.rb:20:in `catch'
web-console (3.7.0) lib/web_console/middleware.rb:20:in `call'
actionpack (5.2.1) lib/action_dispatch/middleware/show_exceptions.rb:33:in `call'
railties (5.2.1) lib/rails/rack/logger.rb:38:in `call_app'
railties (5.2.1) lib/rails/rack/logger.rb:26:in `block in call'
activesupport (5.2.1) lib/active_support/tagged_logging.rb:71:in `block in tagged'
activesupport (5.2.1) lib/active_support/tagged_logging.rb:28:in `tagged'
activesupport (5.2.1) lib/active_support/tagged_logging.rb:71:in `tagged'
railties (5.2.1) lib/rails/rack/logger.rb:26:in `call'
sprockets-rails (3.2.1) lib/sprockets/rails/quiet_assets.rb:13:in `call'
actionpack (5.2.1) lib/action_dispatch/middleware/remote_ip.rb:81:in `call'
actionpack (5.2.1) lib/action_dispatch/middleware/request_id.rb:27:in `call'
rack (2.0.6) lib/rack/method_override.rb:22:in `call'
rack (2.0.6) lib/rack/runtime.rb:22:in `call'
activesupport (5.2.1) lib/active_support/cache/strategy/local_cache_middleware.rb:29:in `call'
actionpack (5.2.1) lib/action_dispatch/middleware/executor.rb:14:in `call'
actionpack (5.2.1) lib/action_dispatch/middleware/static.rb:127:in `call'
rack (2.0.6) lib/rack/sendfile.rb:111:in `call'
railties (5.2.1) lib/rails/engine.rb:524:in `call'
puma (3.12.0) lib/puma/configuration.rb:225:in `call'
puma (3.12.0) lib/puma/server.rb:658:in `handle_request'
puma (3.12.0) lib/puma/server.rb:472:in `process_client'
puma (3.12.0) lib/puma/server.rb:332:in `block in run'
puma (3.12.0) lib/puma/thread_pool.rb:133:in `block in spawn_thread'
  [1m[35m (125.2ms)[0m  [1m[35mCREATE TABLE "schema_migrations" ("version" character varying NOT NULL PRIMARY KEY)[0m
  ↳ bin/rails:9
  [1m[35m (4.1ms)[0m  [1m[35mCREATE TABLE "ar_internal_metadata" ("key" character varying NOT NULL PRIMARY KEY, "value" character varying, "created_at" timestamp NOT NULL, "updated_at" timestamp NOT NULL)[0m
  ↳ bin/rails:9
  [1m[35m (0.3ms)[0m  [1m[34mSELECT pg_try_advisory_lock(34377518426153490)[0m
  ↳ bin/rails:9
  [1m[35m (0.6ms)[0m  [1m[34mSELECT "schema_migrations"."version" FROM "schema_migrations" ORDER BY "schema_migrations"."version" ASC[0m
  ↳ bin/rails:9
Migrating to DeviseCreateUsers (20181115104424)
  [1m[35m (0.2ms)[0m  [1m[35mBEGIN[0m
  ↳ bin/rails:9
  [1m[35m (59.5ms)[0m  [1m[35mCREATE TABLE "users" ("id" bigserial primary key, "email" character varying DEFAULT '' NOT NULL, "encrypted_password" character varying DEFAULT '' NOT NULL, "reset_password_token" character varying, "reset_password_sent_at" timestamp, "remember_created_at" timestamp, "created_at" timestamp NOT NULL, "updated_at" timestamp NOT NULL)[0m
  ↳ db/migrate/20181115104424_devise_create_users.rb:5
  [1m[35m (1.6ms)[0m  [1m[35mCREATE UNIQUE INDEX  "index_users_on_email" ON "users"  ("email")[0m
  ↳ db/migrate/20181115104424_devise_create_users.rb:39
  [1m[35m (1.4ms)[0m  [1m[35mCREATE UNIQUE INDEX  "index_users_on_reset_password_token" ON "users"  ("reset_password_token")[0m
  ↳ db/migrate/20181115104424_devise_create_users.rb:40
  [1m[36mActiveRecord::SchemaMigration Create (30.9ms)[0m  [1m[32mINSERT INTO "schema_migrations" ("version") VALUES ($1) RETURNING "version"[0m  [["version", "20181115104424"]]
  ↳ bin/rails:9
  [1m[35m (0.9ms)[0m  [1m[35mCOMMIT[0m
  ↳ bin/rails:9
Migrating to CreateCategories (20181115131426)
  [1m[35m (0.2ms)[0m  [1m[35mBEGIN[0m
  ↳ bin/rails:9
  [1m[35m (3.9ms)[0m  [1m[35mCREATE TABLE "categories" ("id" bigserial primary key, "title" character varying, "created_at" timestamp NOT NULL, "updated_at" timestamp NOT NULL)[0m
  ↳ db/migrate/20181115131426_create_categories.rb:3
  [1m[36mActiveRecord::SchemaMigration Create (0.4ms)[0m  [1m[32mINSERT INTO "schema_migrations" ("version") VALUES ($1) RETURNING "version"[0m  [["version", "20181115131426"]]
  ↳ bin/rails:9
  [1m[35m (0.9ms)[0m  [1m[35mCOMMIT[0m
  ↳ bin/rails:9
Migrating to CreateTasks (20181116110123)
  [1m[35m (0.3ms)[0m  [1m[35mBEGIN[0m
  ↳ bin/rails:9
  [1m[35m (8.0ms)[0m  [1m[35mCREATE TABLE "tasks" ("id" bigserial primary key, "created_at" timestamp NOT NULL, "updated_at" timestamp NOT NULL, "title" character varying, "status" boolean DEFAULT FALSE, "deadline" timestamp, "category_id" bigint)[0m
  ↳ db/migrate/20181116110123_create_tasks.rb:3
  [1m[35m (1.6ms)[0m  [1m[35mCREATE  INDEX  "index_tasks_on_category_id" ON "tasks"  ("category_id")[0m
  ↳ db/migrate/20181116110123_create_tasks.rb:3
  [1m[36mActiveRecord::SchemaMigration Create (0.5ms)[0m  [1m[32mINSERT INTO "schema_migrations" ("version") VALUES ($1) RETURNING "version"[0m  [["version", "20181116110123"]]
  ↳ bin/rails:9
  [1m[35m (1.0ms)[0m  [1m[35mCOMMIT[0m
  ↳ bin/rails:9
Migrating to AddImagetoTask (20181116110124)
  [1m[35m (0.4ms)[0m  [1m[35mBEGIN[0m
  ↳ bin/rails:9
  [1m[35m (0.5ms)[0m  [1m[35mALTER TABLE "tasks" ADD "image" character varying[0m
  ↳ db/migrate/20181116110124_add_imageto_task.rb:3
  [1m[36mActiveRecord::SchemaMigration Create (0.8ms)[0m  [1m[32mINSERT INTO "schema_migrations" ("version") VALUES ($1) RETURNING "version"[0m  [["version", "20181116110124"]]
  ↳ bin/rails:9
  [1m[35m (0.6ms)[0m  [1m[35mCOMMIT[0m
  ↳ bin/rails:9
  [1m[36mActiveRecord::InternalMetadata Load (22.6ms)[0m  [1m[34mSELECT  "ar_internal_metadata".* FROM "ar_internal_metadata" WHERE "ar_internal_metadata"."key" = $1 LIMIT $2[0m  [["key", "environment"], ["LIMIT", 1]]
  ↳ bin/rails:9
  [1m[35m (0.1ms)[0m  [1m[35mBEGIN[0m
  ↳ bin/rails:9
  [1m[36mActiveRecord::InternalMetadata Create (0.4ms)[0m  [1m[32mINSERT INTO "ar_internal_metadata" ("key", "value", "created_at", "updated_at") VALUES ($1, $2, $3, $4) RETURNING "key"[0m  [["key", "environment"], ["value", "development"], ["created_at", "2019-06-19 15:09:29.134327"], ["updated_at", "2019-06-19 15:09:29.134327"]]
  ↳ bin/rails:9
  [1m[35m (0.5ms)[0m  [1m[35mCOMMIT[0m
  ↳ bin/rails:9
  [1m[35m (0.2ms)[0m  [1m[34mSELECT pg_advisory_unlock(34377518426153490)[0m
  ↳ bin/rails:9
  [1m[35m (0.3ms)[0m  [1m[34mSELECT "schema_migrations"."version" FROM "schema_migrations" ORDER BY "schema_migrations"."version" ASC[0m
  ↳ bin/rails:9
Started GET "/" for 127.0.0.1 at 2019-06-19 17:09:41 +0200
  [1m[35m (1.5ms)[0m  [1m[34mSELECT "schema_migrations"."version" FROM "schema_migrations" ORDER BY "schema_migrations"."version" ASC[0m
  ↳ /Users/ramzilaifa/.rvm/gems/ruby-2.6.2/gems/activerecord-5.2.1/lib/active_record/log_subscriber.rb:98
Processing by HomeController#index as HTML
  Rendering home/index.html.erb within layouts/application
  [1m[36mCategory Load (0.8ms)[0m  [1m[34mSELECT "categories".* FROM "categories"[0m
  ↳ app/views/layouts/_task_form.html.erb:18
  Rendered layouts/_task_form.html.erb (6.2ms)
  [1m[36mTask Load (0.7ms)[0m  [1m[34mSELECT "tasks".* FROM "tasks"[0m
  ↳ app/views/home/index.html.erb:25
  Rendered home/index.html.erb within layouts/application (13.0ms)
  Rendered layouts/_navbar.html.erb (3.6ms)
  Rendered layouts/_flash.html.erb (0.6ms)
Completed 200 OK in 7523ms (Views: 7455.9ms | ActiveRecord: 5.7ms)


Started GET "/users/sign_in" for 127.0.0.1 at 2019-06-19 17:09:56 +0200
Processing by Devise::SessionsController#new as HTML
  Rendering devise/sessions/new.html.erb within layouts/application
  Rendered devise/shared/_links.html.erb (1.2ms)
  Rendered devise/sessions/new.html.erb within layouts/application (1755.3ms)
  Rendered layouts/_navbar.html.erb (1.4ms)
  Rendered layouts/_flash.html.erb (0.5ms)
Completed 200 OK in 1853ms (Views: 1820.9ms | ActiveRecord: 12.1ms)


Started GET "/" for 127.0.0.1 at 2019-06-19 17:10:12 +0200
Processing by HomeController#index as HTML
  Rendering home/index.html.erb within layouts/application
  [1m[36mCategory Load (4.1ms)[0m  [1m[34mSELECT "categories".* FROM "categories"[0m
  ↳ app/views/layouts/_task_form.html.erb:18
  Rendered layouts/_task_form.html.erb (7.9ms)
  [1m[36mTask Load (2.1ms)[0m  [1m[34mSELECT "tasks".* FROM "tasks"[0m
  ↳ app/views/home/index.html.erb:25
  Rendered home/index.html.erb within layouts/application (13.8ms)
  Rendered layouts/_navbar.html.erb (0.9ms)
  Rendered layouts/_flash.html.erb (0.3ms)
Completed 200 OK in 105ms (Views: 97.1ms | ActiveRecord: 6.2ms)


Started GET "/" for 127.0.0.1 at 2019-06-19 17:10:12 +0200
Processing by HomeController#index as HTML
  Rendering home/index.html.erb within layouts/application
  [1m[36mCategory Load (1.9ms)[0m  [1m[34mSELECT "categories".* FROM "categories"[0m
  ↳ app/views/layouts/_task_form.html.erb:18
  Rendered layouts/_task_form.html.erb (6.8ms)
  [1m[36mTask Load (0.4ms)[0m  [1m[34mSELECT "tasks".* FROM "tasks"[0m
  ↳ app/views/home/index.html.erb:25
  Rendered home/index.html.erb within layouts/application (10.8ms)
  Rendered layouts/_navbar.html.erb (1.2ms)
  Rendered layouts/_flash.html.erb (0.5ms)
Completed 200 OK in 61ms (Views: 52.9ms | ActiveRecord: 2.2ms)


Started GET "/users/sign_in" for 127.0.0.1 at 2019-06-19 17:10:15 +0200
Processing by Devise::SessionsController#new as HTML
  Rendering devise/sessions/new.html.erb within layouts/application
  Rendered devise/shared/_links.html.erb (1.2ms)
  Rendered devise/sessions/new.html.erb within layouts/application (5.1ms)
  Rendered layouts/_navbar.html.erb (0.8ms)
  Rendered layouts/_flash.html.erb (0.3ms)
Completed 200 OK in 40ms (Views: 36.0ms | ActiveRecord: 0.0ms)


Started GET "/users/sign_up" for 127.0.0.1 at 2019-06-19 17:10:16 +0200
Processing by Devise::RegistrationsController#new as HTML
  Rendering devise/registrations/new.html.erb within layouts/application
  Rendered devise/shared/_links.html.erb (1.2ms)
  Rendered devise/registrations/new.html.erb within layouts/application (4.5ms)
  Rendered layouts/_navbar.html.erb (0.8ms)
  Rendered layouts/_flash.html.erb (0.3ms)
Completed 200 OK in 73ms (Views: 71.7ms | ActiveRecord: 0.0ms)


Started GET "/tasks/new" for 127.0.0.1 at 2019-06-19 17:10:17 +0200
Processing by TasksController#new as HTML
Completed 401 Unauthorized in 1ms (ActiveRecord: 0.0ms)


Started GET "/users/sign_in" for 127.0.0.1 at 2019-06-19 17:10:17 +0200
Processing by Devise::SessionsController#new as HTML
  Rendering devise/sessions/new.html.erb within layouts/application
  Rendered devise/shared/_links.html.erb (0.8ms)
  Rendered devise/sessions/new.html.erb within layouts/application (3.2ms)
  Rendered layouts/_navbar.html.erb (0.9ms)
  Rendered layouts/_flash.html.erb (0.3ms)
Completed 200 OK in 31ms (Views: 29.5ms | ActiveRecord: 0.0ms)


Started GET "/" for 127.0.0.1 at 2019-06-19 17:10:18 +0200
Processing by HomeController#index as HTML
  Rendering home/index.html.erb within layouts/application
  [1m[36mCategory Load (1.6ms)[0m  [1m[34mSELECT "categories".* FROM "categories"[0m
  ↳ app/views/layouts/_task_form.html.erb:18
  Rendered layouts/_task_form.html.erb (4.8ms)
  [1m[36mTask Load (1.1ms)[0m  [1m[34mSELECT "tasks".* FROM "tasks"[0m
  ↳ app/views/home/index.html.erb:25
  Rendered home/index.html.erb within layouts/application (8.8ms)
  Rendered layouts/_navbar.html.erb (1.4ms)
  Rendered layouts/_flash.html.erb (0.8ms)
Completed 200 OK in 57ms (Views: 52.8ms | ActiveRecord: 2.7ms)


Started GET "/users/sign_in" for 127.0.0.1 at 2019-06-19 17:10:20 +0200
Processing by Devise::SessionsController#new as HTML
  Rendering devise/sessions/new.html.erb within layouts/application
  Rendered devise/shared/_links.html.erb (1.7ms)
  Rendered devise/sessions/new.html.erb within layouts/application (6.5ms)
  Rendered layouts/_navbar.html.erb (1.5ms)
  Rendered layouts/_flash.html.erb (0.3ms)
Completed 200 OK in 71ms (Views: 68.8ms | ActiveRecord: 0.0ms)


Started GET "/users/sign_up" for 127.0.0.1 at 2019-06-19 17:10:21 +0200
Processing by Devise::RegistrationsController#new as HTML
  Rendering devise/registrations/new.html.erb within layouts/application
  Rendered devise/shared/_links.html.erb (2.0ms)
  Rendered devise/registrations/new.html.erb within layouts/application (7.7ms)
  Rendered layouts/_navbar.html.erb (0.8ms)
  Rendered layouts/_flash.html.erb (0.3ms)
Completed 200 OK in 66ms (Views: 64.0ms | ActiveRecord: 0.0ms)


Started GET "/tasks/new" for 127.0.0.1 at 2019-06-19 17:10:21 +0200
Processing by TasksController#new as HTML
Completed 401 Unauthorized in 1ms (ActiveRecord: 0.0ms)


Started GET "/users/sign_in" for 127.0.0.1 at 2019-06-19 17:10:21 +0200
Processing by Devise::SessionsController#new as HTML
  Rendering devise/sessions/new.html.erb within layouts/application
  Rendered devise/shared/_links.html.erb (1.5ms)
  Rendered devise/sessions/new.html.erb within layouts/application (5.6ms)
  Rendered layouts/_navbar.html.erb (0.8ms)
  Rendered layouts/_flash.html.erb (0.3ms)
Completed 200 OK in 65ms (Views: 64.1ms | ActiveRecord: 0.0ms)


Started GET "/" for 127.0.0.1 at 2019-06-19 17:10:22 +0200
Processing by HomeController#index as HTML
  Rendering home/index.html.erb within layouts/application
  [1m[36mCategory Load (0.4ms)[0m  [1m[34mSELECT "categories".* FROM "categories"[0m
  ↳ app/views/layouts/_task_form.html.erb:18
  Rendered layouts/_task_form.html.erb (2.9ms)
  [1m[36mTask Load (0.4ms)[0m  [1m[34mSELECT "tasks".* FROM "tasks"[0m
  ↳ app/views/home/index.html.erb:25
  Rendered home/index.html.erb within layouts/application (5.8ms)
  Rendered layouts/_navbar.html.erb (1.0ms)
  Rendered layouts/_flash.html.erb (0.3ms)
Completed 200 OK in 41ms (Views: 37.3ms | ActiveRecord: 0.8ms)


Started POST "/tasks" for 127.0.0.1 at 2019-06-19 17:11:08 +0200
Processing by TasksController#create as HTML
  Parameters: {"utf8"=>"✓", "authenticity_token"=>"o/DmL9CT8QqACbgsBiZIuFbjPJiPflrRXGYAgrK9u7cP08cMN+QtypKkFe/fC/7e2G5/4fHHFb3TfycYhvpeog==", "title"=>"Add jQuery", "deadline"=>"2019-06-28", "commit"=>"Create task"}
Completed 401 Unauthorized in 1ms (ActiveRecord: 0.0ms)


Started GET "/users/sign_in" for 127.0.0.1 at 2019-06-19 17:11:08 +0200
Processing by Devise::SessionsController#new as HTML
  Rendering devise/sessions/new.html.erb within layouts/application
  Rendered devise/shared/_links.html.erb (1.1ms)
  Rendered devise/sessions/new.html.erb within layouts/application (4.6ms)
  Rendered layouts/_navbar.html.erb (0.9ms)
  Rendered layouts/_flash.html.erb (0.4ms)
Completed 200 OK in 38ms (Views: 36.7ms | ActiveRecord: 0.0ms)


Started GET "/users/sign_up" for 127.0.0.1 at 2019-06-19 17:11:12 +0200
Processing by Devise::RegistrationsController#new as HTML
  Rendering devise/registrations/new.html.erb within layouts/application
  Rendered devise/shared/_links.html.erb (1.0ms)
  Rendered devise/registrations/new.html.erb within layouts/application (4.7ms)
  Rendered layouts/_navbar.html.erb (0.8ms)
  Rendered layouts/_flash.html.erb (0.3ms)
Completed 200 OK in 37ms (Views: 34.7ms | ActiveRecord: 0.0ms)


Started POST "/users" for 127.0.0.1 at 2019-06-19 17:11:45 +0200
Processing by Devise::RegistrationsController#create as HTML
  Parameters: {"utf8"=>"✓", "authenticity_token"=>"wa6cHogCxEfoMdWpFf+Pa6E7pg1Jxwa59pRNNxlUFVJby8XtLP+byoxIZHYsP9LYKEhWZXkcyjGTrREbgjyZ8Q==", "user"=>{"email"=>"a@a.com", "password"=>"[FILTERED]", "password_confirmation"=>"[FILTERED]"}, "commit"=>"Sign up"}
  [1m[35m (0.3ms)[0m  [1m[35mBEGIN[0m
  ↳ /Users/ramzilaifa/.rvm/gems/ruby-2.6.2/gems/activerecord-5.2.1/lib/active_record/log_subscriber.rb:98
  [1m[36mUser Exists (1.2ms)[0m  [1m[34mSELECT  1 AS one FROM "users" WHERE "users"."email" = $1 LIMIT $2[0m  [["email", "a@a.com"], ["LIMIT", 1]]
  ↳ /Users/ramzilaifa/.rvm/gems/ruby-2.6.2/gems/activerecord-5.2.1/lib/active_record/log_subscriber.rb:98
  [1m[36mUser Create (0.7ms)[0m  [1m[32mINSERT INTO "users" ("email", "encrypted_password", "created_at", "updated_at") VALUES ($1, $2, $3, $4) RETURNING "id"[0m  [["email", "a@a.com"], ["encrypted_password", "$2a$11$eerClu1M4fRlJA/5F1WGEeURrTkCMehbY973t2uzW9BKwFjSWNGje"], ["created_at", "2019-06-19 15:11:45.460636"], ["updated_at", "2019-06-19 15:11:45.460636"]]
  ↳ /Users/ramzilaifa/.rvm/gems/ruby-2.6.2/gems/activerecord-5.2.1/lib/active_record/log_subscriber.rb:98
  [1m[35m (0.6ms)[0m  [1m[35mCOMMIT[0m
  ↳ /Users/ramzilaifa/.rvm/gems/ruby-2.6.2/gems/activerecord-5.2.1/lib/active_record/log_subscriber.rb:98
Redirected to http://localhost:3000/tasks/new
Completed 302 Found in 233ms (ActiveRecord: 2.9ms)


Started GET "/tasks/new" for 127.0.0.1 at 2019-06-19 17:11:45 +0200
Processing by TasksController#new as HTML
  [1m[36mUser Load (0.8ms)[0m  [1m[34mSELECT  "users".* FROM "users" WHERE "users"."id" = $1 ORDER BY "users"."id" ASC LIMIT $2[0m  [["id", 1], ["LIMIT", 1]]
  ↳ /Users/ramzilaifa/.rvm/gems/ruby-2.6.2/gems/activerecord-5.2.1/lib/active_record/log_subscriber.rb:98
  Rendering tasks/new.html.erb within layouts/application
  [1m[36mCategory Load (0.4ms)[0m  [1m[34mSELECT "categories".* FROM "categories"[0m
  ↳ app/views/layouts/_task_form.html.erb:18
  Rendered layouts/_task_form.html.erb (2.2ms)
  Rendered tasks/new.html.erb within layouts/application (3.1ms)
  Rendered layouts/_navbar.html.erb (0.6ms)
  Rendered layouts/_flash.html.erb (1.0ms)
Completed 200 OK in 76ms (Views: 32.6ms | ActiveRecord: 1.2ms)


Started POST "/tasks" for 127.0.0.1 at 2019-06-19 17:11:48 +0200
Processing by TasksController#create as HTML
  Parameters: {"utf8"=>"✓", "authenticity_token"=>"ceGUCtxMKUYCjcDGbtaqkpGFQ5Xf8eoWqcMmGz8VorDq0TYDHrh6L6JGGpDd45ggguDBu9lohVr+ctXieLOLXg==", "title"=>"", "deadline"=>"", "commit"=>"Create task"}
  [1m[36mUser Load (0.6ms)[0m  [1m[34mSELECT  "users".* FROM "users" WHERE "users"."id" = $1 ORDER BY "users"."id" ASC LIMIT $2[0m  [["id", 1], ["LIMIT", 1]]
  ↳ /Users/ramzilaifa/.rvm/gems/ruby-2.6.2/gems/activerecord-5.2.1/lib/active_record/log_subscriber.rb:98
Unpermitted parameters: :utf8, :authenticity_token, :commit
Completed 400 Bad Request in 16ms (ActiveRecord: 3.8ms)


  
ActionController::ParameterMissing (param is missing or the value is empty: Category):
  
app/controllers/tasks_controller.rb:51:in `category_params'
app/controllers/tasks_controller.rb:9:in `create'
Started GET "/" for 127.0.0.1 at 2019-06-19 17:27:41 +0200
Processing by HomeController#index as HTML
  Rendering home/index.html.erb within layouts/application
  [1m[36mCategory Load (0.8ms)[0m  [1m[34mSELECT "categories".* FROM "categories"[0m
  ↳ app/views/layouts/_task_form.html.erb:18
  Rendered layouts/_task_form.html.erb (8.6ms)
  [1m[36mTask Load (0.6ms)[0m  [1m[34mSELECT "tasks".* FROM "tasks"[0m
  ↳ app/views/home/index.html.erb:25
  Rendered home/index.html.erb within layouts/application (14.6ms)
  [1m[36mUser Load (1.4ms)[0m  [1m[34mSELECT  "users".* FROM "users" WHERE "users"."id" = $1 ORDER BY "users"."id" ASC LIMIT $2[0m  [["id", 1], ["LIMIT", 1]]
  ↳ app/views/layouts/_navbar.html.erb:9
  Rendered layouts/_navbar.html.erb (106.2ms)
  Rendered layouts/_flash.html.erb (0.5ms)
Completed 200 OK in 625ms (Views: 593.8ms | ActiveRecord: 2.8ms)


Started GET "/" for 127.0.0.1 at 2019-06-19 17:29:51 +0200
Processing by HomeController#index as HTML
  Rendering home/index.html.erb within layouts/application
  [1m[36mCategory Load (0.4ms)[0m  [1m[34mSELECT "categories".* FROM "categories"[0m
  ↳ app/views/layouts/_task_form.html.erb:18
  Rendered layouts/_task_form.html.erb (2.5ms)
  [1m[36mTask Load (0.3ms)[0m  [1m[34mSELECT "tasks".* FROM "tasks"[0m
  ↳ app/views/home/index.html.erb:25
  Rendered home/index.html.erb within layouts/application (4.5ms)
  [1m[36mUser Load (0.6ms)[0m  [1m[34mSELECT  "users".* FROM "users" WHERE "users"."id" = $1 ORDER BY "users"."id" ASC LIMIT $2[0m  [["id", 1], ["LIMIT", 1]]
  ↳ app/views/layouts/_navbar.html.erb:9
  Rendered layouts/_navbar.html.erb (3.2ms)
  Rendered layouts/_flash.html.erb (0.4ms)
Completed 200 OK in 3906ms (Views: 3902.7ms | ActiveRecord: 1.3ms)


Started GET "/" for 127.0.0.1 at 2019-06-19 17:30:25 +0200
Processing by HomeController#index as HTML
  Rendering home/index.html.erb within layouts/application
  [1m[36mCategory Load (0.8ms)[0m  [1m[34mSELECT "categories".* FROM "categories"[0m
  ↳ app/views/layouts/_task_form.html.erb:18
  Rendered layouts/_task_form.html.erb (3.8ms)
  [1m[36mTask Load (0.6ms)[0m  [1m[34mSELECT "tasks".* FROM "tasks"[0m
  ↳ app/views/home/index.html.erb:25
  Rendered home/index.html.erb within layouts/application (7.4ms)
  [1m[36mUser Load (0.5ms)[0m  [1m[34mSELECT  "users".* FROM "users" WHERE "users"."id" = $1 ORDER BY "users"."id" ASC LIMIT $2[0m  [["id", 1], ["LIMIT", 1]]
  ↳ app/views/layouts/_navbar.html.erb:9
  Rendered layouts/_navbar.html.erb (2.1ms)
  Rendered layouts/_flash.html.erb (0.5ms)
Completed 200 OK in 40ms (Views: 36.4ms | ActiveRecord: 1.9ms)


Started DELETE "/users/sign_out" for 127.0.0.1 at 2019-06-19 17:30:26 +0200
Processing by Devise::SessionsController#destroy as HTML
  Parameters: {"authenticity_token"=>"C51Fu9+PqzS6OH/3I1MJZEOlxcn+PPahCrEwu+2M6F6QreeyHXv4XRrzpaGQZjvWUMBH5/ilme1dAMNCqirBsA=="}
  [1m[36mUser Load (0.5ms)[0m  [1m[34mSELECT  "users".* FROM "users" WHERE "users"."id" = $1 ORDER BY "users"."id" ASC LIMIT $2[0m  [["id", 1], ["LIMIT", 1]]
  ↳ /Users/ramzilaifa/.rvm/gems/ruby-2.6.2/gems/activerecord-5.2.1/lib/active_record/log_subscriber.rb:98
  [1m[35m (0.2ms)[0m  [1m[35mBEGIN[0m
  ↳ /Users/ramzilaifa/.rvm/gems/ruby-2.6.2/gems/activerecord-5.2.1/lib/active_record/log_subscriber.rb:98
  [1m[35m (0.2ms)[0m  [1m[35mCOMMIT[0m
  ↳ /Users/ramzilaifa/.rvm/gems/ruby-2.6.2/gems/activerecord-5.2.1/lib/active_record/log_subscriber.rb:98
Redirected to http://localhost:3000/
Completed 302 Found in 92ms (ActiveRecord: 0.9ms)


Started GET "/" for 127.0.0.1 at 2019-06-19 17:30:27 +0200
Processing by HomeController#index as HTML
  Rendering home/index.html.erb within layouts/application
  [1m[36mCategory Load (0.4ms)[0m  [1m[34mSELECT "categories".* FROM "categories"[0m
  ↳ app/views/layouts/_task_form.html.erb:18
  Rendered layouts/_task_form.html.erb (1.9ms)
  [1m[36mTask Load (0.3ms)[0m  [1m[34mSELECT "tasks".* FROM "tasks"[0m
  ↳ app/views/home/index.html.erb:25
  Rendered home/index.html.erb within layouts/application (3.6ms)
  Rendered layouts/_navbar.html.erb (1.4ms)
  Rendered layouts/_flash.html.erb (0.5ms)
Completed 200 OK in 36ms (Views: 33.8ms | ActiveRecord: 0.6ms)


Started GET "/" for 127.0.0.1 at 2019-06-19 17:30:28 +0200
Processing by HomeController#index as HTML
  Rendering home/index.html.erb within layouts/application
  [1m[36mCategory Load (0.6ms)[0m  [1m[34mSELECT "categories".* FROM "categories"[0m
  ↳ app/views/layouts/_task_form.html.erb:18
  Rendered layouts/_task_form.html.erb (3.0ms)
  [1m[36mTask Load (0.4ms)[0m  [1m[34mSELECT "tasks".* FROM "tasks"[0m
  ↳ app/views/home/index.html.erb:25
  Rendered home/index.html.erb within layouts/application (6.1ms)
  Rendered layouts/_navbar.html.erb (0.9ms)
  Rendered layouts/_flash.html.erb (0.3ms)
Completed 200 OK in 43ms (Views: 40.8ms | ActiveRecord: 1.0ms)


Started GET "/" for 127.0.0.1 at 2019-06-19 17:30:29 +0200
Processing by HomeController#index as HTML
  Rendering home/index.html.erb within layouts/application
  [1m[36mCategory Load (3.8ms)[0m  [1m[34mSELECT "categories".* FROM "categories"[0m
  ↳ app/views/layouts/_task_form.html.erb:18
  Rendered layouts/_task_form.html.erb (6.6ms)
  [1m[36mTask Load (0.4ms)[0m  [1m[34mSELECT "tasks".* FROM "tasks"[0m
  ↳ app/views/home/index.html.erb:25
  Rendered home/index.html.erb within layouts/application (9.9ms)
  Rendered layouts/_navbar.html.erb (0.8ms)
  Rendered layouts/_flash.html.erb (0.3ms)
Completed 200 OK in 42ms (Views: 35.9ms | ActiveRecord: 4.2ms)


  [1m[35m (0.8ms)[0m  [1m[34mSELECT "schema_migrations"."version" FROM "schema_migrations" ORDER BY "schema_migrations"."version" ASC[0m
  ↳ bin/rails:9
  [1m[35m (0.1ms)[0m  [1m[35mBEGIN[0m
  ↳ db/seeds.rb:11
  [1m[36mCategory Create (29.6ms)[0m  [1m[32mINSERT INTO "categories" ("title", "created_at", "updated_at") VALUES ($1, $2, $3) RETURNING "id"[0m  [["title", "Historical fiction"], ["created_at", "2019-06-19 15:33:12.535473"], ["updated_at", "2019-06-19 15:33:12.535473"]]
  ↳ db/seeds.rb:11
  [1m[35m (68.8ms)[0m  [1m[35mCOMMIT[0m
  ↳ db/seeds.rb:11
  [1m[35m (0.2ms)[0m  [1m[35mBEGIN[0m
  ↳ db/seeds.rb:17
  [1m[36mTask Create (0.7ms)[0m  [1m[32mINSERT INTO "tasks" ("created_at", "updated_at", "title", "deadline", "category_id", "image") VALUES ($1, $2, $3, $4, $5, $6) RETURNING "id"[0m  [["created_at", "2019-06-19 15:33:12.785367"], ["updated_at", "2019-06-19 15:33:12.785367"], ["title", "Bury My Heart at Wounded Knee"], ["deadline", "2019-07-07 00:00:00"], ["category_id", 1], ["image", "https://robohash.org/eumdoloreset.png?size=300x300&set=set1"]]
  ↳ db/seeds.rb:17
  [1m[35m (0.5ms)[0m  [1m[35mCOMMIT[0m
  ↳ db/seeds.rb:17
  [1m[35m (0.1ms)[0m  [1m[35mBEGIN[0m
  ↳ db/seeds.rb:17
  [1m[36mTask Create (0.3ms)[0m  [1m[32mINSERT INTO "tasks" ("created_at", "updated_at", "title", "deadline", "category_id", "image") VALUES ($1, $2, $3, $4, $5, $6) RETURNING "id"[0m  [["created_at", "2019-06-19 15:33:12.788240"], ["updated_at", "2019-06-19 15:33:12.788240"], ["title", "A Swiftly Tilting Planet"], ["deadline", "2019-06-27 00:00:00"], ["category_id", 1], ["image", "https://robohash.org/maximepraesentiumvoluptates.png?size=300x300&set=set1"]]
  ↳ db/seeds.rb:17
  [1m[35m (0.5ms)[0m  [1m[35mCOMMIT[0m
  ↳ db/seeds.rb:17
  [1m[35m (0.1ms)[0m  [1m[35mBEGIN[0m
  ↳ db/seeds.rb:17
  [1m[36mTask Create (0.3ms)[0m  [1m[32mINSERT INTO "tasks" ("created_at", "updated_at", "title", "deadline", "category_id", "image") VALUES ($1, $2, $3, $4, $5, $6) RETURNING "id"[0m  [["created_at", "2019-06-19 15:33:12.790471"], ["updated_at", "2019-06-19 15:33:12.790471"], ["title", "All Passion Spent"], ["deadline", "2019-07-12 00:00:00"], ["category_id", 1], ["image", "https://robohash.org/rerumeiusquod.png?size=300x300&set=set1"]]
  ↳ db/seeds.rb:17
  [1m[35m (0.5ms)[0m  [1m[35mCOMMIT[0m
  ↳ db/seeds.rb:17
  [1m[35m (0.1ms)[0m  [1m[35mBEGIN[0m
  ↳ db/seeds.rb:11
  [1m[36mCategory Create (0.2ms)[0m  [1m[32mINSERT INTO "categories" ("title", "created_at", "updated_at") VALUES ($1, $2, $3) RETURNING "id"[0m  [["title", "Folklore"], ["created_at", "2019-06-19 15:33:12.792446"], ["updated_at", "2019-06-19 15:33:12.792446"]]
  ↳ db/seeds.rb:11
  [1m[35m (0.5ms)[0m  [1m[35mCOMMIT[0m
  ↳ db/seeds.rb:11
  [1m[35m (0.1ms)[0m  [1m[35mBEGIN[0m
  ↳ db/seeds.rb:17
  [1m[36mTask Create (0.4ms)[0m  [1m[32mINSERT INTO "tasks" ("created_at", "updated_at", "title", "deadline", "category_id", "image") VALUES ($1, $2, $3, $4, $5, $6) RETURNING "id"[0m  [["created_at", "2019-06-19 15:33:12.794701"], ["updated_at", "2019-06-19 15:33:12.794701"], ["title", "The Violent Bear It Away"], ["deadline", "2019-07-04 00:00:00"], ["category_id", 2], ["image", "https://robohash.org/quisquiprovident.png?size=300x300&set=set1"]]
  ↳ db/seeds.rb:17
  [1m[35m (0.6ms)[0m  [1m[35mCOMMIT[0m
  ↳ db/seeds.rb:17
  [1m[35m (0.1ms)[0m  [1m[35mBEGIN[0m
  ↳ db/seeds.rb:17
  [1m[36mTask Create (0.4ms)[0m  [1m[32mINSERT INTO "tasks" ("created_at", "updated_at", "title", "deadline", "category_id", "image") VALUES ($1, $2, $3, $4, $5, $6) RETURNING "id"[0m  [["created_at", "2019-06-19 15:33:12.797379"], ["updated_at", "2019-06-19 15:33:12.797379"], ["title", "Cover Her Face"], ["deadline", "2019-07-03 00:00:00"], ["category_id", 2], ["image", "https://robohash.org/utplaceatminus.png?size=300x300&set=set1"]]
  ↳ db/seeds.rb:17
  [1m[35m (0.6ms)[0m  [1m[35mCOMMIT[0m
  ↳ db/seeds.rb:17
  [1m[35m (0.1ms)[0m  [1m[35mBEGIN[0m
  ↳ db/seeds.rb:17
  [1m[36mTask Create (0.4ms)[0m  [1m[32mINSERT INTO "tasks" ("created_at", "updated_at", "title", "deadline", "category_id", "image") VALUES ($1, $2, $3, $4, $5, $6) RETURNING "id"[0m  [["created_at", "2019-06-19 15:33:12.800045"], ["updated_at", "2019-06-19 15:33:12.800045"], ["title", "The Curious Incident of the Dog in the Night-Time"], ["deadline", "2019-07-01 00:00:00"], ["category_id", 2], ["image", "https://robohash.org/nonomnisvero.png?size=300x300&set=set1"]]
  ↳ db/seeds.rb:17
  [1m[35m (0.5ms)[0m  [1m[35mCOMMIT[0m
  ↳ db/seeds.rb:17
  [1m[35m (0.1ms)[0m  [1m[35mBEGIN[0m
  ↳ db/seeds.rb:11
  [1m[36mCategory Create (0.3ms)[0m  [1m[32mINSERT INTO "categories" ("title", "created_at", "updated_at") VALUES ($1, $2, $3) RETURNING "id"[0m  [["title", "Metafiction"], ["created_at", "2019-06-19 15:33:12.802382"], ["updated_at", "2019-06-19 15:33:12.802382"]]
  ↳ db/seeds.rb:11
  [1m[35m (0.5ms)[0m  [1m[35mCOMMIT[0m
  ↳ db/seeds.rb:11
  [1m[35m (0.1ms)[0m  [1m[35mBEGIN[0m
  ↳ db/seeds.rb:17
  [1m[36mTask Create (0.3ms)[0m  [1m[32mINSERT INTO "tasks" ("created_at", "updated_at", "title", "deadline", "category_id", "image") VALUES ($1, $2, $3, $4, $5, $6) RETURNING "id"[0m  [["created_at", "2019-06-19 15:33:12.804506"], ["updated_at", "2019-06-19 15:33:12.804506"], ["title", "Consider the Lilies"], ["deadline", "2019-07-02 00:00:00"], ["category_id", 3], ["image", "https://robohash.org/blanditiisestsunt.png?size=300x300&set=set1"]]
  ↳ db/seeds.rb:17
  [1m[35m (0.6ms)[0m  [1m[35mCOMMIT[0m
  ↳ db/seeds.rb:17
  [1m[35m (0.1ms)[0m  [1m[35mBEGIN[0m
  ↳ db/seeds.rb:17
  [1m[36mTask Create (0.3ms)[0m  [1m[32mINSERT INTO "tasks" ("created_at", "updated_at", "title", "deadline", "category_id", "image") VALUES ($1, $2, $3, $4, $5, $6) RETURNING "id"[0m  [["created_at", "2019-06-19 15:33:12.806766"], ["updated_at", "2019-06-19 15:33:12.806766"], ["title", "The Parliament of Man"], ["deadline", "2019-06-29 00:00:00"], ["category_id", 3], ["image", "https://robohash.org/doloribusnonmolestiae.png?size=300x300&set=set1"]]
  ↳ db/seeds.rb:17
  [1m[35m (0.4ms)[0m  [1m[35mCOMMIT[0m
  ↳ db/seeds.rb:17
  [1m[35m (0.1ms)[0m  [1m[35mBEGIN[0m
  ↳ db/seeds.rb:17
  [1m[36mTask Create (0.3ms)[0m  [1m[32mINSERT INTO "tasks" ("created_at", "updated_at", "title", "deadline", "category_id", "image") VALUES ($1, $2, $3, $4, $5, $6) RETURNING "id"[0m  [["created_at", "2019-06-19 15:33:12.808820"], ["updated_at", "2019-06-19 15:33:12.808820"], ["title", "A Glass of Blessings"], ["deadline", "2019-07-12 00:00:00"], ["category_id", 3], ["image", "https://robohash.org/ateteligendi.png?size=300x300&set=set1"]]
  ↳ db/seeds.rb:17
  [1m[35m (0.5ms)[0m  [1m[35mCOMMIT[0m
  ↳ db/seeds.rb:17
Started GET "/" for 127.0.0.1 at 2019-06-19 17:33:18 +0200
Processing by HomeController#index as HTML
  Rendering home/index.html.erb within layouts/application
  [1m[36mCategory Load (0.5ms)[0m  [1m[34mSELECT "categories".* FROM "categories"[0m
  ↳ app/views/layouts/_task_form.html.erb:18
  Rendered layouts/_task_form.html.erb (13.6ms)
  [1m[36mTask Load (0.5ms)[0m  [1m[34mSELECT "tasks".* FROM "tasks" WHERE "tasks"."category_id" = $1[0m  [["category_id", 1]]
  ↳ app/views/home/index.html.erb:9
  [1m[36mTask Load (0.8ms)[0m  [1m[34mSELECT "tasks".* FROM "tasks" WHERE "tasks"."category_id" = $1[0m  [["category_id", 2]]
  ↳ app/views/home/index.html.erb:9
  [1m[36mTask Load (0.4ms)[0m  [1m[34mSELECT "tasks".* FROM "tasks" WHERE "tasks"."category_id" = $1[0m  [["category_id", 3]]
  ↳ app/views/home/index.html.erb:9
  [1m[36mTask Load (0.3ms)[0m  [1m[34mSELECT "tasks".* FROM "tasks"[0m
  ↳ app/views/home/index.html.erb:25
  Rendered home/index.html.erb within layouts/application (146.1ms)
  Rendered layouts/_navbar.html.erb (1.0ms)
  Rendered layouts/_flash.html.erb (0.4ms)
Completed 200 OK in 456ms (Views: 439.3ms | ActiveRecord: 8.4ms)


Started POST "/tasks" for 127.0.0.1 at 2019-06-19 17:47:53 +0200
Processing by TasksController#create as HTML
  Parameters: {"utf8"=>"✓", "authenticity_token"=>"KTygwy9iHv+YHcWUSRA0+hGgbesM4pOWQWaFvo8RLdWdkF609hamArdMDsgY9VwJtgJH4NqAnMZQvQwdzPv55Q==", "title"=>"AHAHA", "deadline"=>"2022-12-12", "Category"=>"1", "commit"=>"Create task"}
Completed 401 Unauthorized in 1ms (ActiveRecord: 0.0ms)


Started GET "/users/sign_in" for 127.0.0.1 at 2019-06-19 17:47:53 +0200
Processing by Devise::SessionsController#new as HTML
  Rendering devise/sessions/new.html.erb within layouts/application
  Rendered devise/shared/_links.html.erb (0.9ms)
  Rendered devise/sessions/new.html.erb within layouts/application (3.8ms)
  Rendered layouts/_navbar.html.erb (0.9ms)
  Rendered layouts/_flash.html.erb (0.3ms)
Completed 200 OK in 374ms (Views: 373.2ms | ActiveRecord: 0.0ms)


Started POST "/users/sign_in" for 127.0.0.1 at 2019-06-19 17:48:04 +0200
Processing by Devise::SessionsController#create as HTML
  Parameters: {"utf8"=>"✓", "authenticity_token"=>"+TWWthwOX1CCnbO0DQ9pDMNO2xSZQ0wWeWLzqEI199pNmWjBxXrnra3MeOhc6gH/ZOzxH08hQ0ZouXoLAd8j6g==", "user"=>{"email"=>"a@a.com", "password"=>"[FILTERED]", "remember_me"=>"0"}, "commit"=>"Log in"}
  [1m[36mUser Load (2.0ms)[0m  [1m[34mSELECT  "users".* FROM "users" WHERE "users"."email" = $1 ORDER BY "users"."id" ASC LIMIT $2[0m  [["email", "a@a.com"], ["LIMIT", 1]]
  ↳ /Users/ramzilaifa/.rvm/gems/ruby-2.6.2/gems/activerecord-5.2.1/lib/active_record/log_subscriber.rb:98
Redirected to http://localhost:3000/
Completed 302 Found in 559ms (ActiveRecord: 2.0ms)


Started GET "/" for 127.0.0.1 at 2019-06-19 17:48:04 +0200
Processing by HomeController#index as HTML
  Rendering home/index.html.erb within layouts/application
  [1m[36mCategory Load (0.6ms)[0m  [1m[34mSELECT "categories".* FROM "categories"[0m
  ↳ app/views/layouts/_task_form.html.erb:18
  Rendered layouts/_task_form.html.erb (2.5ms)
  [1m[36mTask Load (0.5ms)[0m  [1m[34mSELECT "tasks".* FROM "tasks" WHERE "tasks"."category_id" = $1[0m  [["category_id", 1]]
  ↳ app/views/home/index.html.erb:9
  [1m[36mTask Load (0.4ms)[0m  [1m[34mSELECT "tasks".* FROM "tasks" WHERE "tasks"."category_id" = $1[0m  [["category_id", 2]]
  ↳ app/views/home/index.html.erb:9
  [1m[36mTask Load (0.5ms)[0m  [1m[34mSELECT "tasks".* FROM "tasks" WHERE "tasks"."category_id" = $1[0m  [["category_id", 3]]
  ↳ app/views/home/index.html.erb:9
  [1m[36mTask Load (0.3ms)[0m  [1m[34mSELECT "tasks".* FROM "tasks"[0m
  ↳ app/views/home/index.html.erb:25
  Rendered home/index.html.erb within layouts/application (10.7ms)
  [1m[36mUser Load (0.6ms)[0m  [1m[34mSELECT  "users".* FROM "users" WHERE "users"."id" = $1 ORDER BY "users"."id" ASC LIMIT $2[0m  [["id", 1], ["LIMIT", 1]]
  ↳ app/views/layouts/_navbar.html.erb:9
  Rendered layouts/_navbar.html.erb (2.9ms)
  Rendered layouts/_flash.html.erb (0.6ms)
Completed 200 OK in 123ms (Views: 80.6ms | ActiveRecord: 3.1ms)


Started POST "/tasks" for 127.0.0.1 at 2019-06-19 17:48:22 +0200
Processing by TasksController#create as HTML
  Parameters: {"utf8"=>"✓", "authenticity_token"=>"4nPhyeWB6xv00CnfgCC8H0S4HGk/vqsfxSIN0VhdPcLWsiT3w2JzdxgvrrZSQaUoxztLlsRanIVfUhG3Sg7ZLQ==", "title"=>"azazaz", "deadline"=>"2022-12-12", "Category"=>"1", "commit"=>"Create task"}
  [1m[36mUser Load (0.6ms)[0m  [1m[34mSELECT  "users".* FROM "users" WHERE "users"."id" = $1 ORDER BY "users"."id" ASC LIMIT $2[0m  [["id", 1], ["LIMIT", 1]]
  ↳ /Users/ramzilaifa/.rvm/gems/ruby-2.6.2/gems/activerecord-5.2.1/lib/active_record/log_subscriber.rb:98
Unpermitted parameters: :utf8, :authenticity_token, :Category, :commit
  [1m[36mCategory Load (0.3ms)[0m  [1m[34mSELECT  "categories".* FROM "categories" WHERE "categories"."id" = $1 LIMIT $2[0m  [["id", 1], ["LIMIT", 1]]
  ↳ app/controllers/tasks_controller.rb:9
  [1m[35m (0.1ms)[0m  [1m[35mBEGIN[0m
  ↳ app/controllers/tasks_controller.rb:11
  [1m[36mTask Create (0.7ms)[0m  [1m[32mINSERT INTO "tasks" ("created_at", "updated_at", "title", "deadline", "category_id") VALUES ($1, $2, $3, $4, $5) RETURNING "id"[0m  [["created_at", "2019-06-19 15:48:22.378422"], ["updated_at", "2019-06-19 15:48:22.378422"], ["title", "azazaz"], ["deadline", "2022-12-12 00:00:00"], ["category_id", 1]]
  ↳ app/controllers/tasks_controller.rb:11
  [1m[35m (35.4ms)[0m  [1m[35mCOMMIT[0m
  ↳ app/controllers/tasks_controller.rb:11
Redirected to http://localhost:3000/
Completed 302 Found in 44ms (ActiveRecord: 37.1ms)


Started GET "/" for 127.0.0.1 at 2019-06-19 17:48:22 +0200
Processing by HomeController#index as HTML
  Rendering home/index.html.erb within layouts/application
  [1m[36mCategory Load (0.4ms)[0m  [1m[34mSELECT "categories".* FROM "categories"[0m
  ↳ app/views/layouts/_task_form.html.erb:18
  Rendered layouts/_task_form.html.erb (2.7ms)
  [1m[36mTask Load (0.5ms)[0m  [1m[34mSELECT "tasks".* FROM "tasks" WHERE "tasks"."category_id" = $1[0m  [["category_id", 1]]
  ↳ app/views/home/index.html.erb:9
  [1m[36mTask Load (0.5ms)[0m  [1m[34mSELECT "tasks".* FROM "tasks" WHERE "tasks"."category_id" = $1[0m  [["category_id", 2]]
  ↳ app/views/home/index.html.erb:9
  [1m[36mTask Load (0.8ms)[0m  [1m[34mSELECT "tasks".* FROM "tasks" WHERE "tasks"."category_id" = $1[0m  [["category_id", 3]]
  ↳ app/views/home/index.html.erb:9
  [1m[36mTask Load (0.3ms)[0m  [1m[34mSELECT "tasks".* FROM "tasks"[0m
  ↳ app/views/home/index.html.erb:25
  Rendered home/index.html.erb within layouts/application (11.6ms)
  [1m[36mUser Load (0.5ms)[0m  [1m[34mSELECT  "users".* FROM "users" WHERE "users"."id" = $1 ORDER BY "users"."id" ASC LIMIT $2[0m  [["id", 1], ["LIMIT", 1]]
  ↳ app/views/layouts/_navbar.html.erb:9
  Rendered layouts/_navbar.html.erb (2.2ms)
  Rendered layouts/_flash.html.erb (0.4ms)
Completed 200 OK in 155ms (Views: 122.7ms | ActiveRecord: 3.0ms)


  [1m[36mUser Load (0.5ms)[0m  [1m[34mSELECT  "users".* FROM "users" LIMIT $1[0m  [["LIMIT", 11]]
  [1m[36mCategory Load (0.4ms)[0m  [1m[34mSELECT  "categories".* FROM "categories" LIMIT $1[0m  [["LIMIT", 11]]
  [1m[36mTask Load (0.5ms)[0m  [1m[34mSELECT  "tasks".* FROM "tasks" LIMIT $1[0m  [["LIMIT", 11]]
  [1m[36mTask Load (0.4ms)[0m  [1m[34mSELECT  "tasks".* FROM "tasks" ORDER BY "tasks"."id" DESC LIMIT $1[0m  [["LIMIT", 1]]
  [1m[35m (0.2ms)[0m  [1m[35mBEGIN[0m
  [1m[36mTask Destroy (25.5ms)[0m  [1m[31mDELETE FROM "tasks" WHERE "tasks"."id" = $1[0m  [["id", 10]]
  [1m[35m (36.7ms)[0m  [1m[35mCOMMIT[0m
Started GET "/" for 127.0.0.1 at 2019-06-19 17:51:33 +0200
Processing by HomeController#index as HTML
  Rendering home/index.html.erb within layouts/application
  [1m[36mCategory Load (0.4ms)[0m  [1m[34mSELECT "categories".* FROM "categories"[0m
  ↳ app/views/layouts/_task_form.html.erb:18
  Rendered layouts/_task_form.html.erb (4.6ms)
  [1m[36mTask Load (0.3ms)[0m  [1m[34mSELECT "tasks".* FROM "tasks" WHERE "tasks"."category_id" = $1[0m  [["category_id", 1]]
  ↳ app/views/home/index.html.erb:9
  [1m[36mTask Load (0.3ms)[0m  [1m[34mSELECT "tasks".* FROM "tasks" WHERE "tasks"."category_id" = $1[0m  [["category_id", 2]]
  ↳ app/views/home/index.html.erb:9
  [1m[36mTask Load (0.6ms)[0m  [1m[34mSELECT "tasks".* FROM "tasks" WHERE "tasks"."category_id" = $1[0m  [["category_id", 3]]
  ↳ app/views/home/index.html.erb:9
  [1m[36mTask Load (0.5ms)[0m  [1m[34mSELECT "tasks".* FROM "tasks"[0m
  ↳ app/views/home/index.html.erb:25
  Rendered home/index.html.erb within layouts/application (14.0ms)
  [1m[36mUser Load (0.7ms)[0m  [1m[34mSELECT  "users".* FROM "users" WHERE "users"."id" = $1 ORDER BY "users"."id" ASC LIMIT $2[0m  [["id", 1], ["LIMIT", 1]]
  ↳ app/views/layouts/_navbar.html.erb:9
  Rendered layouts/_navbar.html.erb (3.0ms)
  Rendered layouts/_flash.html.erb (0.5ms)
Completed 200 OK in 164ms (Views: 124.5ms | ActiveRecord: 2.8ms)


Started GET "/" for 127.0.0.1 at 2019-06-19 17:51:35 +0200
Processing by HomeController#index as HTML
  Rendering home/index.html.erb within layouts/application
  [1m[36mCategory Load (0.5ms)[0m  [1m[34mSELECT "categories".* FROM "categories"[0m
  ↳ app/views/layouts/_task_form.html.erb:18
  Rendered layouts/_task_form.html.erb (2.7ms)
  [1m[36mTask Load (0.4ms)[0m  [1m[34mSELECT "tasks".* FROM "tasks" WHERE "tasks"."category_id" = $1[0m  [["category_id", 1]]
  ↳ app/views/home/index.html.erb:9
  [1m[36mTask Load (0.3ms)[0m  [1m[34mSELECT "tasks".* FROM "tasks" WHERE "tasks"."category_id" = $1[0m  [["category_id", 2]]
  ↳ app/views/home/index.html.erb:9
  [1m[36mTask Load (0.3ms)[0m  [1m[34mSELECT "tasks".* FROM "tasks" WHERE "tasks"."category_id" = $1[0m  [["category_id", 3]]
  ↳ app/views/home/index.html.erb:9
  [1m[36mTask Load (0.4ms)[0m  [1m[34mSELECT "tasks".* FROM "tasks"[0m
  ↳ app/views/home/index.html.erb:25
  Rendered home/index.html.erb within layouts/application (10.6ms)
  [1m[36mUser Load (0.8ms)[0m  [1m[34mSELECT  "users".* FROM "users" WHERE "users"."id" = $1 ORDER BY "users"."id" ASC LIMIT $2[0m  [["id", 1], ["LIMIT", 1]]
  ↳ app/views/layouts/_navbar.html.erb:9
  Rendered layouts/_navbar.html.erb (3.9ms)
  Rendered layouts/_flash.html.erb (0.6ms)
Completed 200 OK in 47ms (Views: 42.9ms | ActiveRecord: 2.7ms)


Started GET "/" for 127.0.0.1 at 2019-06-19 17:59:50 +0200
Processing by HomeController#index as HTML
  Rendering home/index.html.erb within layouts/application
  [1m[36mCategory Load (0.8ms)[0m  [1m[34mSELECT "categories".* FROM "categories"[0m
  ↳ app/views/layouts/_task_form.html.erb:18
  Rendered layouts/_task_form.html.erb (2.8ms)
  [1m[36mTask Load (0.5ms)[0m  [1m[34mSELECT "tasks".* FROM "tasks" WHERE "tasks"."category_id" = $1[0m  [["category_id", 1]]
  ↳ app/views/home/index.html.erb:9
  [1m[36mTask Load (0.3ms)[0m  [1m[34mSELECT "tasks".* FROM "tasks" WHERE "tasks"."category_id" = $1[0m  [["category_id", 2]]
  ↳ app/views/home/index.html.erb:9
  [1m[36mTask Load (0.3ms)[0m  [1m[34mSELECT "tasks".* FROM "tasks" WHERE "tasks"."category_id" = $1[0m  [["category_id", 3]]
  ↳ app/views/home/index.html.erb:9
  [1m[36mTask Load (0.4ms)[0m  [1m[34mSELECT "tasks".* FROM "tasks"[0m
  ↳ app/views/home/index.html.erb:25
  Rendered home/index.html.erb within layouts/application (10.8ms)
Started GET "/" for 127.0.0.1 at 2019-06-19 17:59:50 +0200
  [1m[36mUser Load (4.5ms)[0m  [1m[34mSELECT  "users".* FROM "users" WHERE "users"."id" = $1 ORDER BY "users"."id" ASC LIMIT $2[0m  [["id", 1], ["LIMIT", 1]]
  ↳ app/views/layouts/_navbar.html.erb:9
  Rendered layouts/_navbar.html.erb (7.3ms)
  Rendered layouts/_flash.html.erb (0.7ms)
Completed 200 OK in 320ms (Views: 292.1ms | ActiveRecord: 6.9ms)


Processing by HomeController#index as HTML
  Rendering home/index.html.erb within layouts/application
  [1m[36mCategory Load (0.8ms)[0m  [1m[34mSELECT "categories".* FROM "categories"[0m
  ↳ app/views/layouts/_task_form.html.erb:18
  Rendered layouts/_task_form.html.erb (2.7ms)
  [1m[36mTask Load (0.5ms)[0m  [1m[34mSELECT "tasks".* FROM "tasks" WHERE "tasks"."category_id" = $1[0m  [["category_id", 1]]
  ↳ app/views/home/index.html.erb:9
  [1m[36mTask Load (0.3ms)[0m  [1m[34mSELECT "tasks".* FROM "tasks" WHERE "tasks"."category_id" = $1[0m  [["category_id", 2]]
  ↳ app/views/home/index.html.erb:9
  [1m[36mTask Load (0.3ms)[0m  [1m[34mSELECT "tasks".* FROM "tasks" WHERE "tasks"."category_id" = $1[0m  [["category_id", 3]]
  ↳ app/views/home/index.html.erb:9
  [1m[36mTask Load (0.5ms)[0m  [1m[34mSELECT "tasks".* FROM "tasks"[0m
  ↳ app/views/home/index.html.erb:25
  Rendered home/index.html.erb within layouts/application (9.3ms)
  [1m[36mUser Load (1.1ms)[0m  [1m[34mSELECT  "users".* FROM "users" WHERE "users"."id" = $1 ORDER BY "users"."id" ASC LIMIT $2[0m  [["id", 1], ["LIMIT", 1]]
  ↳ app/views/layouts/_navbar.html.erb:9
  Rendered layouts/_navbar.html.erb (2.9ms)
  Rendered layouts/_flash.html.erb (0.4ms)
Completed 200 OK in 40ms (Views: 35.6ms | ActiveRecord: 3.6ms)


Started GET "/" for 127.0.0.1 at 2019-06-19 18:08:04 +0200
Processing by HomeController#index as HTML
  Rendering home/index.html.erb within layouts/application
  [1m[36mCategory Load (0.8ms)[0m  [1m[34mSELECT "categories".* FROM "categories"[0m
  ↳ app/views/layouts/_task_form.html.erb:18
  Rendered layouts/_task_form.html.erb (2.9ms)
  [1m[36mTask Load (0.5ms)[0m  [1m[34mSELECT "tasks".* FROM "tasks" WHERE "tasks"."category_id" = $1[0m  [["category_id", 1]]
  ↳ app/views/home/index.html.erb:9
  [1m[36mTask Load (0.3ms)[0m  [1m[34mSELECT "tasks".* FROM "tasks" WHERE "tasks"."category_id" = $1[0m  [["category_id", 2]]
  ↳ app/views/home/index.html.erb:9
  [1m[36mTask Load (0.4ms)[0m  [1m[34mSELECT "tasks".* FROM "tasks" WHERE "tasks"."category_id" = $1[0m  [["category_id", 3]]
  ↳ app/views/home/index.html.erb:9
  [1m[36mTask Load (0.6ms)[0m  [1m[34mSELECT "tasks".* FROM "tasks"[0m
  ↳ app/views/home/index.html.erb:27
  Rendered home/index.html.erb within layouts/application (11.2ms)
  [1m[36mUser Load (1.5ms)[0m  [1m[34mSELECT  "users".* FROM "users" WHERE "users"."id" = $1 ORDER BY "users"."id" ASC LIMIT $2[0m  [["id", 1], ["LIMIT", 1]]
  ↳ app/views/layouts/_navbar.html.erb:9
  Rendered layouts/_navbar.html.erb (3.8ms)
  Rendered layouts/_flash.html.erb (0.4ms)
Completed 200 OK in 662ms (Views: 605.3ms | ActiveRecord: 4.2ms)


Started GET "/" for 127.0.0.1 at 2019-06-19 18:08:15 +0200
Processing by HomeController#index as HTML
  Rendering home/index.html.erb within layouts/application
  [1m[36mCategory Load (0.4ms)[0m  [1m[34mSELECT "categories".* FROM "categories"[0m
  ↳ app/views/layouts/_task_form.html.erb:18
  Rendered layouts/_task_form.html.erb (2.4ms)
  [1m[36mTask Load (0.3ms)[0m  [1m[34mSELECT "tasks".* FROM "tasks" WHERE "tasks"."category_id" = $1[0m  [["category_id", 1]]
  ↳ app/views/home/index.html.erb:9
  [1m[36mTask Load (0.3ms)[0m  [1m[34mSELECT "tasks".* FROM "tasks" WHERE "tasks"."category_id" = $1[0m  [["category_id", 2]]
  ↳ app/views/home/index.html.erb:9
  [1m[36mTask Load (0.3ms)[0m  [1m[34mSELECT "tasks".* FROM "tasks" WHERE "tasks"."category_id" = $1[0m  [["category_id", 3]]
  ↳ app/views/home/index.html.erb:9
  [1m[36mTask Load (0.3ms)[0m  [1m[34mSELECT "tasks".* FROM "tasks"[0m
  ↳ app/views/home/index.html.erb:27
  Rendered home/index.html.erb within layouts/application (35.1ms)
  [1m[36mUser Load (0.5ms)[0m  [1m[34mSELECT  "users".* FROM "users" WHERE "users"."id" = $1 ORDER BY "users"."id" ASC LIMIT $2[0m  [["id", 1], ["LIMIT", 1]]
  ↳ app/views/layouts/_navbar.html.erb:9
  Rendered layouts/_navbar.html.erb (2.8ms)
  Rendered layouts/_flash.html.erb (0.4ms)
Completed 200 OK in 960ms (Views: 957.2ms | ActiveRecord: 2.1ms)


Started GET "/" for 127.0.0.1 at 2019-06-19 18:08:24 +0200
Processing by HomeController#index as HTML
  Rendering home/index.html.erb within layouts/application
  [1m[36mCategory Load (0.4ms)[0m  [1m[34mSELECT "categories".* FROM "categories"[0m
  ↳ app/views/layouts/_task_form.html.erb:18
  Rendered layouts/_task_form.html.erb (2.6ms)
  [1m[36mTask Load (0.3ms)[0m  [1m[34mSELECT "tasks".* FROM "tasks" WHERE "tasks"."category_id" = $1[0m  [["category_id", 1]]
  ↳ app/views/home/index.html.erb:9
  [1m[36mTask Load (0.3ms)[0m  [1m[34mSELECT "tasks".* FROM "tasks" WHERE "tasks"."category_id" = $1[0m  [["category_id", 2]]
  ↳ app/views/home/index.html.erb:9
  [1m[36mTask Load (0.3ms)[0m  [1m[34mSELECT "tasks".* FROM "tasks" WHERE "tasks"."category_id" = $1[0m  [["category_id", 3]]
  ↳ app/views/home/index.html.erb:9
  [1m[36mTask Load (0.3ms)[0m  [1m[34mSELECT "tasks".* FROM "tasks"[0m
  ↳ app/views/home/index.html.erb:27
  Rendered home/index.html.erb within layouts/application (10.1ms)
  [1m[36mUser Load (0.6ms)[0m  [1m[34mSELECT  "users".* FROM "users" WHERE "users"."id" = $1 ORDER BY "users"."id" ASC LIMIT $2[0m  [["id", 1], ["LIMIT", 1]]
  ↳ app/views/layouts/_navbar.html.erb:9
  Rendered layouts/_navbar.html.erb (2.7ms)
  Rendered layouts/_flash.html.erb (0.5ms)
Completed 200 OK in 128ms (Views: 124.5ms | ActiveRecord: 2.2ms)


Started GET "/" for 127.0.0.1 at 2019-06-19 18:08:48 +0200
Processing by HomeController#index as HTML
  Rendering home/index.html.erb within layouts/application
  [1m[36mCategory Load (0.4ms)[0m  [1m[34mSELECT "categories".* FROM "categories"[0m
  ↳ app/views/layouts/_task_form.html.erb:18
  Rendered layouts/_task_form.html.erb (2.3ms)
  [1m[36mTask Load (0.6ms)[0m  [1m[34mSELECT "tasks".* FROM "tasks" WHERE "tasks"."category_id" = $1[0m  [["category_id", 1]]
  ↳ app/views/home/index.html.erb:9
  [1m[36mTask Load (0.3ms)[0m  [1m[34mSELECT "tasks".* FROM "tasks" WHERE "tasks"."category_id" = $1[0m  [["category_id", 2]]
  ↳ app/views/home/index.html.erb:9
  [1m[36mTask Load (0.3ms)[0m  [1m[34mSELECT "tasks".* FROM "tasks" WHERE "tasks"."category_id" = $1[0m  [["category_id", 3]]
  ↳ app/views/home/index.html.erb:9
  [1m[36mTask Load (0.4ms)[0m  [1m[34mSELECT "tasks".* FROM "tasks"[0m
  ↳ app/views/home/index.html.erb:27
  Rendered home/index.html.erb within layouts/application (11.5ms)
  [1m[36mUser Load (0.6ms)[0m  [1m[34mSELECT  "users".* FROM "users" WHERE "users"."id" = $1 ORDER BY "users"."id" ASC LIMIT $2[0m  [["id", 1], ["LIMIT", 1]]
  ↳ app/views/layouts/_navbar.html.erb:9
  Rendered layouts/_navbar.html.erb (3.1ms)
  Rendered layouts/_flash.html.erb (0.4ms)
Completed 200 OK in 204ms (Views: 199.7ms | ActiveRecord: 2.7ms)


Started GET "/" for 127.0.0.1 at 2019-06-19 18:08:50 +0200
Processing by HomeController#index as HTML
  Rendering home/index.html.erb within layouts/application
  [1m[36mCategory Load (0.4ms)[0m  [1m[34mSELECT "categories".* FROM "categories"[0m
  ↳ app/views/layouts/_task_form.html.erb:18
  Rendered layouts/_task_form.html.erb (2.7ms)
  [1m[36mTask Load (0.3ms)[0m  [1m[34mSELECT "tasks".* FROM "tasks" WHERE "tasks"."category_id" = $1[0m  [["category_id", 1]]
  ↳ app/views/home/index.html.erb:9
  [1m[36mTask Load (0.3ms)[0m  [1m[34mSELECT "tasks".* FROM "tasks" WHERE "tasks"."category_id" = $1[0m  [["category_id", 2]]
  ↳ app/views/home/index.html.erb:9
  [1m[36mTask Load (0.3ms)[0m  [1m[34mSELECT "tasks".* FROM "tasks" WHERE "tasks"."category_id" = $1[0m  [["category_id", 3]]
  ↳ app/views/home/index.html.erb:9
  [1m[36mTask Load (0.4ms)[0m  [1m[34mSELECT "tasks".* FROM "tasks"[0m
  ↳ app/views/home/index.html.erb:27
  Rendered home/index.html.erb within layouts/application (11.0ms)
  [1m[36mUser Load (0.7ms)[0m  [1m[34mSELECT  "users".* FROM "users" WHERE "users"."id" = $1 ORDER BY "users"."id" ASC LIMIT $2[0m  [["id", 1], ["LIMIT", 1]]
  ↳ app/views/layouts/_navbar.html.erb:9
  Rendered layouts/_navbar.html.erb (3.8ms)
  Rendered layouts/_flash.html.erb (0.9ms)
Completed 200 OK in 57ms (Views: 53.3ms | ActiveRecord: 2.4ms)


Started GET "/" for 127.0.0.1 at 2019-06-19 18:11:59 +0200
Processing by HomeController#index as HTML
  Rendering home/index.html.erb within layouts/application
  [1m[36mCategory Load (0.4ms)[0m  [1m[34mSELECT "categories".* FROM "categories"[0m
  ↳ app/views/layouts/_task_form.html.erb:18
  Rendered layouts/_task_form.html.erb (2.4ms)
  [1m[36mTask Load (0.2ms)[0m  [1m[34mSELECT "tasks".* FROM "tasks" WHERE "tasks"."category_id" = $1[0m  [["category_id", 1]]
  ↳ app/views/home/index.html.erb:9
  [1m[36mTask Load (0.2ms)[0m  [1m[34mSELECT "tasks".* FROM "tasks" WHERE "tasks"."category_id" = $1[0m  [["category_id", 2]]
  ↳ app/views/home/index.html.erb:9
  [1m[36mTask Load (0.2ms)[0m  [1m[34mSELECT "tasks".* FROM "tasks" WHERE "tasks"."category_id" = $1[0m  [["category_id", 3]]
  ↳ app/views/home/index.html.erb:9
  [1m[36mTask Load (0.3ms)[0m  [1m[34mSELECT "tasks".* FROM "tasks"[0m
  ↳ app/views/home/index.html.erb:27
  Rendered home/index.html.erb within layouts/application (9.1ms)
  [1m[36mUser Load (1.1ms)[0m  [1m[34mSELECT  "users".* FROM "users" WHERE "users"."id" = $1 ORDER BY "users"."id" ASC LIMIT $2[0m  [["id", 1], ["LIMIT", 1]]
  ↳ app/views/layouts/_navbar.html.erb:9
  Rendered layouts/_navbar.html.erb (3.6ms)
  Rendered layouts/_flash.html.erb (0.5ms)
Completed 200 OK in 444ms (Views: 424.4ms | ActiveRecord: 2.3ms)


Started GET "/" for 127.0.0.1 at 2019-06-19 18:12:22 +0200
Processing by HomeController#index as HTML
  Rendering home/index.html.erb within layouts/application
  [1m[36mCategory Load (0.4ms)[0m  [1m[34mSELECT "categories".* FROM "categories"[0m
  ↳ app/views/layouts/_task_form.html.erb:18
  Rendered layouts/_task_form.html.erb (2.4ms)
  [1m[36mTask Load (0.2ms)[0m  [1m[34mSELECT "tasks".* FROM "tasks" WHERE "tasks"."category_id" = $1[0m  [["category_id", 1]]
  ↳ app/views/home/index.html.erb:9
  [1m[36mTask Load (0.2ms)[0m  [1m[34mSELECT "tasks".* FROM "tasks" WHERE "tasks"."category_id" = $1[0m  [["category_id", 2]]
  ↳ app/views/home/index.html.erb:9
  [1m[36mTask Load (0.2ms)[0m  [1m[34mSELECT "tasks".* FROM "tasks" WHERE "tasks"."category_id" = $1[0m  [["category_id", 3]]
  ↳ app/views/home/index.html.erb:9
  [1m[36mTask Load (0.3ms)[0m  [1m[34mSELECT "tasks".* FROM "tasks"[0m
  ↳ app/views/home/index.html.erb:27
  Rendered home/index.html.erb within layouts/application (8.2ms)
  [1m[36mUser Load (0.6ms)[0m  [1m[34mSELECT  "users".* FROM "users" WHERE "users"."id" = $1 ORDER BY "users"."id" ASC LIMIT $2[0m  [["id", 1], ["LIMIT", 1]]
  ↳ app/views/layouts/_navbar.html.erb:9
  Rendered layouts/_navbar.html.erb (2.9ms)
  Rendered layouts/_flash.html.erb (0.4ms)
Completed 200 OK in 259ms (Views: 239.9ms | ActiveRecord: 1.9ms)


Started GET "/" for 127.0.0.1 at 2019-06-19 18:12:59 +0200
Processing by HomeController#index as HTML
  Rendering home/index.html.erb within layouts/application
  [1m[36mCategory Load (0.4ms)[0m  [1m[34mSELECT "categories".* FROM "categories"[0m
  ↳ app/views/layouts/_task_form.html.erb:18
  Rendered layouts/_task_form.html.erb (3.1ms)
  [1m[36mTask Load (0.4ms)[0m  [1m[34mSELECT "tasks".* FROM "tasks" WHERE "tasks"."category_id" = $1[0m  [["category_id", 1]]
  ↳ app/views/home/index.html.erb:9
  [1m[36mTask Load (0.4ms)[0m  [1m[34mSELECT "tasks".* FROM "tasks" WHERE "tasks"."category_id" = $1[0m  [["category_id", 2]]
  ↳ app/views/home/index.html.erb:9
  [1m[36mTask Load (0.3ms)[0m  [1m[34mSELECT "tasks".* FROM "tasks" WHERE "tasks"."category_id" = $1[0m  [["category_id", 3]]
  ↳ app/views/home/index.html.erb:9
  [1m[36mTask Load (0.6ms)[0m  [1m[34mSELECT "tasks".* FROM "tasks"[0m
  ↳ app/views/home/index.html.erb:27
  Rendered home/index.html.erb within layouts/application (11.5ms)
  [1m[36mUser Load (0.5ms)[0m  [1m[34mSELECT  "users".* FROM "users" WHERE "users"."id" = $1 ORDER BY "users"."id" ASC LIMIT $2[0m  [["id", 1], ["LIMIT", 1]]
  ↳ app/views/layouts/_navbar.html.erb:9
  Rendered layouts/_navbar.html.erb (3.0ms)
  Rendered layouts/_flash.html.erb (0.8ms)
Completed 200 OK in 116ms (Views: 111.3ms | ActiveRecord: 2.6ms)


Started GET "/" for 127.0.0.1 at 2019-06-19 18:14:12 +0200
Processing by HomeController#index as HTML
  Rendering home/index.html.erb within layouts/application
  [1m[36mCategory Load (0.5ms)[0m  [1m[34mSELECT "categories".* FROM "categories"[0m
  ↳ app/views/layouts/_task_form.html.erb:18
  Rendered layouts/_task_form.html.erb (3.2ms)
  [1m[36mTask Load (0.4ms)[0m  [1m[34mSELECT "tasks".* FROM "tasks" WHERE "tasks"."category_id" = $1[0m  [["category_id", 1]]
  ↳ app/views/home/index.html.erb:9
  [1m[36mTask Load (0.3ms)[0m  [1m[34mSELECT "tasks".* FROM "tasks" WHERE "tasks"."category_id" = $1[0m  [["category_id", 2]]
  ↳ app/views/home/index.html.erb:9
  [1m[36mTask Load (0.4ms)[0m  [1m[34mSELECT "tasks".* FROM "tasks" WHERE "tasks"."category_id" = $1[0m  [["category_id", 3]]
  ↳ app/views/home/index.html.erb:9
  [1m[36mTask Load (0.4ms)[0m  [1m[34mSELECT "tasks".* FROM "tasks"[0m
  ↳ app/views/home/index.html.erb:27
  Rendered home/index.html.erb within layouts/application (11.3ms)
  [1m[36mUser Load (0.7ms)[0m  [1m[34mSELECT  "users".* FROM "users" WHERE "users"."id" = $1 ORDER BY "users"."id" ASC LIMIT $2[0m  [["id", 1], ["LIMIT", 1]]
  ↳ app/views/layouts/_navbar.html.erb:9
  Rendered layouts/_navbar.html.erb (3.3ms)
  Rendered layouts/_flash.html.erb (0.4ms)
Completed 200 OK in 341ms (Views: 320.8ms | ActiveRecord: 2.6ms)


Started GET "/" for 127.0.0.1 at 2019-06-19 18:14:23 +0200
Processing by HomeController#index as HTML
  Rendering home/index.html.erb within layouts/application
  [1m[36mCategory Load (0.5ms)[0m  [1m[34mSELECT "categories".* FROM "categories"[0m
  ↳ app/views/layouts/_task_form.html.erb:18
  Rendered layouts/_task_form.html.erb (3.1ms)
  [1m[36mTask Load (0.3ms)[0m  [1m[34mSELECT "tasks".* FROM "tasks" WHERE "tasks"."category_id" = $1[0m  [["category_id", 1]]
  ↳ app/views/home/index.html.erb:9
  [1m[36mTask Load (0.3ms)[0m  [1m[34mSELECT "tasks".* FROM "tasks" WHERE "tasks"."category_id" = $1[0m  [["category_id", 2]]
  ↳ app/views/home/index.html.erb:9
  [1m[36mTask Load (0.2ms)[0m  [1m[34mSELECT "tasks".* FROM "tasks" WHERE "tasks"."category_id" = $1[0m  [["category_id", 3]]
  ↳ app/views/home/index.html.erb:9
  [1m[36mTask Load (0.4ms)[0m  [1m[34mSELECT "tasks".* FROM "tasks"[0m
  ↳ app/views/home/index.html.erb:27
  Rendered home/index.html.erb within layouts/application (10.6ms)
  [1m[36mUser Load (0.6ms)[0m  [1m[34mSELECT  "users".* FROM "users" WHERE "users"."id" = $1 ORDER BY "users"."id" ASC LIMIT $2[0m  [["id", 1], ["LIMIT", 1]]
  ↳ app/views/layouts/_navbar.html.erb:9
  Rendered layouts/_navbar.html.erb (3.2ms)
  Rendered layouts/_flash.html.erb (0.7ms)
Completed 200 OK in 72ms (Views: 67.3ms | ActiveRecord: 2.3ms)


Started GET "/" for 127.0.0.1 at 2019-06-19 18:14:45 +0200
Processing by HomeController#index as HTML
  Rendering home/index.html.erb within layouts/application
  [1m[36mCategory Load (0.4ms)[0m  [1m[34mSELECT "categories".* FROM "categories"[0m
  ↳ app/views/layouts/_task_form.html.erb:18
  Rendered layouts/_task_form.html.erb (2.7ms)
  [1m[36mTask Load (0.3ms)[0m  [1m[34mSELECT "tasks".* FROM "tasks" WHERE "tasks"."category_id" = $1[0m  [["category_id", 1]]
  ↳ app/views/home/index.html.erb:9
  [1m[36mTask Load (0.4ms)[0m  [1m[34mSELECT "tasks".* FROM "tasks" WHERE "tasks"."category_id" = $1[0m  [["category_id", 2]]
  ↳ app/views/home/index.html.erb:9
  [1m[36mTask Load (0.3ms)[0m  [1m[34mSELECT "tasks".* FROM "tasks" WHERE "tasks"."category_id" = $1[0m  [["category_id", 3]]
  ↳ app/views/home/index.html.erb:9
  [1m[36mTask Load (0.4ms)[0m  [1m[34mSELECT "tasks".* FROM "tasks"[0m
  ↳ app/views/home/index.html.erb:27
  Rendered home/index.html.erb within layouts/application (11.0ms)
  [1m[36mUser Load (0.5ms)[0m  [1m[34mSELECT  "users".* FROM "users" WHERE "users"."id" = $1 ORDER BY "users"."id" ASC LIMIT $2[0m  [["id", 1], ["LIMIT", 1]]
  ↳ app/views/layouts/_navbar.html.erb:9
  Rendered layouts/_navbar.html.erb (2.3ms)
  Rendered layouts/_flash.html.erb (0.5ms)
Completed 200 OK in 273ms (Views: 253.5ms | ActiveRecord: 2.3ms)


Started GET "/" for 127.0.0.1 at 2019-06-19 18:15:07 +0200
Processing by HomeController#index as HTML
  Rendering home/index.html.erb within layouts/application
  [1m[36mCategory Load (0.4ms)[0m  [1m[34mSELECT "categories".* FROM "categories"[0m
  ↳ app/views/layouts/_task_form.html.erb:18
  Rendered layouts/_task_form.html.erb (3.1ms)
  [1m[36mTask Load (0.3ms)[0m  [1m[34mSELECT "tasks".* FROM "tasks" WHERE "tasks"."category_id" = $1[0m  [["category_id", 1]]
  ↳ app/views/home/index.html.erb:9
  [1m[36mTask Load (0.3ms)[0m  [1m[34mSELECT "tasks".* FROM "tasks" WHERE "tasks"."category_id" = $1[0m  [["category_id", 2]]
  ↳ app/views/home/index.html.erb:9
  [1m[36mTask Load (0.2ms)[0m  [1m[34mSELECT "tasks".* FROM "tasks" WHERE "tasks"."category_id" = $1[0m  [["category_id", 3]]
  ↳ app/views/home/index.html.erb:9
  [1m[36mTask Load (0.3ms)[0m  [1m[34mSELECT "tasks".* FROM "tasks"[0m
  ↳ app/views/home/index.html.erb:27
  Rendered home/index.html.erb within layouts/application (9.9ms)
  [1m[36mUser Load (0.5ms)[0m  [1m[34mSELECT  "users".* FROM "users" WHERE "users"."id" = $1 ORDER BY "users"."id" ASC LIMIT $2[0m  [["id", 1], ["LIMIT", 1]]
  ↳ app/views/layouts/_navbar.html.erb:9
  Rendered layouts/_navbar.html.erb (2.7ms)
  Rendered layouts/_flash.html.erb (0.4ms)
Completed 200 OK in 281ms (Views: 261.7ms | ActiveRecord: 2.0ms)


Started GET "/" for 127.0.0.1 at 2019-06-19 18:20:17 +0200
Processing by HomeController#index as HTML
  Rendering home/index.html.erb within layouts/application
  [1m[36mCategory Load (0.4ms)[0m  [1m[34mSELECT "categories".* FROM "categories"[0m
  ↳ app/views/layouts/_task_form.html.erb:18
  Rendered layouts/_task_form.html.erb (2.4ms)
  [1m[36mTask Load (0.2ms)[0m  [1m[34mSELECT "tasks".* FROM "tasks" WHERE "tasks"."category_id" = $1[0m  [["category_id", 1]]
  ↳ app/views/home/index.html.erb:9
  [1m[36mTask Load (0.3ms)[0m  [1m[34mSELECT "tasks".* FROM "tasks" WHERE "tasks"."category_id" = $1[0m  [["category_id", 2]]
  ↳ app/views/home/index.html.erb:9
  [1m[36mTask Load (0.3ms)[0m  [1m[34mSELECT "tasks".* FROM "tasks" WHERE "tasks"."category_id" = $1[0m  [["category_id", 3]]
  ↳ app/views/home/index.html.erb:9
  [1m[36mTask Load (0.4ms)[0m  [1m[34mSELECT "tasks".* FROM "tasks"[0m
  ↳ app/views/home/index.html.erb:27
  Rendered home/index.html.erb within layouts/application (10.3ms)
  [1m[36mUser Load (0.7ms)[0m  [1m[34mSELECT  "users".* FROM "users" WHERE "users"."id" = $1 ORDER BY "users"."id" ASC LIMIT $2[0m  [["id", 1], ["LIMIT", 1]]
  ↳ app/views/layouts/_navbar.html.erb:9
  Rendered layouts/_navbar.html.erb (3.2ms)
  Rendered layouts/_flash.html.erb (0.5ms)
Completed 200 OK in 293ms (Views: 273.5ms | ActiveRecord: 2.3ms)


Started GET "/" for 127.0.0.1 at 2019-06-19 18:21:00 +0200
Processing by HomeController#index as HTML
  Rendering home/index.html.erb within layouts/application
  [1m[36mCategory Load (0.4ms)[0m  [1m[34mSELECT "categories".* FROM "categories"[0m
  ↳ app/views/layouts/_task_form.html.erb:18
  Rendered layouts/_task_form.html.erb (2.2ms)
  [1m[36mTask Load (0.2ms)[0m  [1m[34mSELECT "tasks".* FROM "tasks" WHERE "tasks"."category_id" = $1[0m  [["category_id", 1]]
  ↳ app/views/home/index.html.erb:9
  [1m[36mTask Load (0.3ms)[0m  [1m[34mSELECT "tasks".* FROM "tasks" WHERE "tasks"."category_id" = $1[0m  [["category_id", 2]]
  ↳ app/views/home/index.html.erb:9
  [1m[36mTask Load (0.2ms)[0m  [1m[34mSELECT "tasks".* FROM "tasks" WHERE "tasks"."category_id" = $1[0m  [["category_id", 3]]
  ↳ app/views/home/index.html.erb:9
  [1m[36mTask Load (0.4ms)[0m  [1m[34mSELECT "tasks".* FROM "tasks"[0m
  ↳ app/views/home/index.html.erb:27
  Rendered home/index.html.erb within layouts/application (8.6ms)
  [1m[36mUser Load (0.5ms)[0m  [1m[34mSELECT  "users".* FROM "users" WHERE "users"."id" = $1 ORDER BY "users"."id" ASC LIMIT $2[0m  [["id", 1], ["LIMIT", 1]]
  ↳ app/views/layouts/_navbar.html.erb:9
  Rendered layouts/_navbar.html.erb (2.6ms)
  Rendered layouts/_flash.html.erb (0.4ms)
Completed 200 OK in 293ms (Views: 273.4ms | ActiveRecord: 2.0ms)


